Flutter crash report.
Please report a bug at https://github.com/flutter/flutter/issues.

## command

flutter analyze --no-fatal-infos

## exception

_Exception: Exception: analysis server exited with code 255 and output:
[stderr] #24     AnalysisDriver._produceErrors (package:analyzer/src/dart/analysis/driver.dart:2047:38)
[stderr] #25     AnalysisDriver.performWork (package:analyzer/src/dart/analysis/driver.dart:1267:7)
[stderr] #26     AnalysisDriverScheduler._run (package:analyzer/src/dart/analysis/driver.dart:2659:24)
[stderr] <asynchronous suspension>
[stderr] 
[stderr] 
[stderr] #0      LibraryContext._throwLibraryCycleLinkException (package:analyzer/src/dart/analysis/library_context.dart:419:5)
[stderr] #1      LibraryContext.load.loadBundle (package:analyzer/src/dart/analysis/library_context.dart:294:11)
[stderr] #2      LibraryContext.load.loadBundle (package:analyzer/src/dart/analysis/library_context.dart:153:9)
[stderr] #3      LibraryContext.load.<anonymous closure> (package:analyzer/src/dart/analysis/library_context.dart:344:7)
[stderr] #4      PerformanceLog.run (package:analyzer/src/dart/analysis/performance_logger.dart:38:15)
[stderr] #5      LibraryContext.load (package:analyzer/src/dart/analysis/library_context.dart:343:12)
[stderr] #6      AnalysisDriver._produceErrors.<anonymous closure>.<anonymous closure> (package:analyzer/src/dart/analysis/driver.dart:2058:26)
[stderr] #7      OperationPerformanceImpl.run (package:analyzer/src/util/performance/operation_performance.dart:155:23)
[stderr] #8      AnalysisDriver._produceErrors.<anonymous closure> (package:analyzer/src/dart/analysis/driver.dart:2057:21)
[stderr] #9      OperationPerformanceImpl.run (package:analyzer/src/util/performance/operation_performance.dart:155:23)
[stderr] #10     AnalysisDriver._produceErrors (package:analyzer/src/dart/analysis/driver.dart:2047:38)
[stderr] #11     AnalysisDriver.performWork (package:analyzer/src/dart/analysis/driver.dart:1267:7)
[stderr] #12     AnalysisDriverScheduler._run (package:analyzer/src/dart/analysis/driver.dart:2659:24)
[stderr] <asynchronous suspension>

```
```

## flutter doctor

```
[✓] Flutter (Channel stable, 3.32.5, on macOS 15.2 24C101 darwin-x64, locale en-GB) [545ms]
    • Flutter version 3.32.5 on channel stable at /Users/laurascullionhall/flutter/development/flutter
    • Upstream repository https://github.com/flutter/flutter.git
    • Framework revision fcf2c11572 (11 days ago), 2025-06-24 11:44:07 -0700
    • Engine revision dd93de6fb1
    • Dart version 3.8.1
    • DevTools version 2.45.1

[✓] Android toolchain - develop for Android devices (Android SDK version 35.0.1) [3.4s]
    • Android SDK at /Users/laurascullionhall/Library/Android/sdk
    • Platform android-35, build-tools 35.0.1
    • Java binary at: /Applications/Android Studio.app/Contents/jbr/Contents/Home/bin/java
      This is the JDK bundled with the latest Android Studio installation on this machine.
      To manually set the JDK path, use: `flutter config --jdk-dir="path/to/jdk"`.
    • Java version OpenJDK Runtime Environment (build 21.0.5+-13047016-b750.29)
    • All Android licenses accepted.

[✓] Xcode - develop for iOS and macOS (Xcode 16.3) [1,783ms]
    • Xcode at /Applications/Xcode.app/Contents/Developer
    • Build 16E140
    • CocoaPods version 1.16.2

[✓] Chrome - develop for the web [22ms]
    • Chrome at /Applications/Google Chrome.app/Contents/MacOS/Google Chrome

[✓] Android Studio (version 2024.3) [21ms]
    • Android Studio at /Applications/Android Studio.app/Contents
    • Flutter plugin can be installed from:
      🔨 https://plugins.jetbrains.com/plugin/9212-flutter
    • Dart plugin can be installed from:
      🔨 https://plugins.jetbrains.com/plugin/6351-dart
    • Java version OpenJDK Runtime Environment (build 21.0.5+-13047016-b750.29)

[✓] VS Code (version 1.101.2) [17ms]
    • VS Code at /Applications/Visual Studio Code.app/Contents
    • Flutter extension version 3.112.0

[✓] Connected device (3 available) [7.6s]
    • iPhone (wireless) (mobile) • 00008140-001E2CDC018B001C • ios            • iOS 18.5 22F76
    • macOS (desktop)            • macos                     • darwin-x64     • macOS 15.2 24C101 darwin-x64
    • Chrome (web)               • chrome                    • web-javascript • Google Chrome 137.0.7151.120

[✓] Network resources [386ms]
    • All expected network resources are available.

• No issues found!
```
